Started GET "/" for 127.0.0.1 at 2019-05-08 19:23:11 +0100
Processing by Rails::WelcomeController#index as HTML
  Rendering /home/jessica/.asdf/installs/ruby/2.6.3/lib/ruby/gems/2.6.0/gems/railties-5.2.3/lib/rails/templates/rails/welcome/index.html.erb
  Rendered /home/jessica/.asdf/installs/ruby/2.6.3/lib/ruby/gems/2.6.0/gems/railties-5.2.3/lib/rails/templates/rails/welcome/index.html.erb (1.5ms)
Completed 200 OK in 11ms (Views: 4.6ms | ActiveRecord: 0.0ms)


Started GET "/" for 127.0.0.1 at 2019-05-08 19:26:31 +0100
  
ActionController::RoutingError (uninitialized constant HomeController):
  
bootsnap (1.4.4) lib/bootsnap/load_path_cache/core_ext/active_support.rb:79:in `block in load_missing_constant'
bootsnap (1.4.4) lib/bootsnap/load_path_cache/core_ext/active_support.rb:8:in `without_bootsnap_cache'
bootsnap (1.4.4) lib/bootsnap/load_path_cache/core_ext/active_support.rb:79:in `rescue in load_missing_constant'
bootsnap (1.4.4) lib/bootsnap/load_path_cache/core_ext/active_support.rb:58:in `load_missing_constant'
activesupport (5.2.3) lib/active_support/inflector/methods.rb:283:in `const_get'
activesupport (5.2.3) lib/active_support/inflector/methods.rb:283:in `block in constantize'
activesupport (5.2.3) lib/active_support/inflector/methods.rb:281:in `each'
activesupport (5.2.3) lib/active_support/inflector/methods.rb:281:in `inject'
activesupport (5.2.3) lib/active_support/inflector/methods.rb:281:in `constantize'
actionpack (5.2.3) lib/action_dispatch/http/request.rb:88:in `controller_class_for'
actionpack (5.2.3) lib/action_dispatch/http/request.rb:81:in `controller_class'
actionpack (5.2.3) lib/action_dispatch/routing/route_set.rb:46:in `controller'
actionpack (5.2.3) lib/action_dispatch/routing/route_set.rb:32:in `serve'
actionpack (5.2.3) lib/action_dispatch/journey/router.rb:52:in `block in serve'
actionpack (5.2.3) lib/action_dispatch/journey/router.rb:35:in `each'
actionpack (5.2.3) lib/action_dispatch/journey/router.rb:35:in `serve'
actionpack (5.2.3) lib/action_dispatch/routing/route_set.rb:840:in `call'
rack (2.0.7) lib/rack/tempfile_reaper.rb:15:in `call'
rack (2.0.7) lib/rack/etag.rb:25:in `call'
rack (2.0.7) lib/rack/conditional_get.rb:25:in `call'
rack (2.0.7) lib/rack/head.rb:12:in `call'
actionpack (5.2.3) lib/action_dispatch/http/content_security_policy.rb:18:in `call'
rack (2.0.7) lib/rack/session/abstract/id.rb:232:in `context'
rack (2.0.7) lib/rack/session/abstract/id.rb:226:in `call'
actionpack (5.2.3) lib/action_dispatch/middleware/cookies.rb:670:in `call'
activerecord (5.2.3) lib/active_record/migration.rb:559:in `call'
actionpack (5.2.3) lib/action_dispatch/middleware/callbacks.rb:28:in `block in call'
activesupport (5.2.3) lib/active_support/callbacks.rb:98:in `run_callbacks'
actionpack (5.2.3) lib/action_dispatch/middleware/callbacks.rb:26:in `call'
actionpack (5.2.3) lib/action_dispatch/middleware/executor.rb:14:in `call'
actionpack (5.2.3) lib/action_dispatch/middleware/debug_exceptions.rb:61:in `call'
web-console (3.7.0) lib/web_console/middleware.rb:135:in `call_app'
web-console (3.7.0) lib/web_console/middleware.rb:30:in `block in call'
web-console (3.7.0) lib/web_console/middleware.rb:20:in `catch'
web-console (3.7.0) lib/web_console/middleware.rb:20:in `call'
actionpack (5.2.3) lib/action_dispatch/middleware/show_exceptions.rb:33:in `call'
railties (5.2.3) lib/rails/rack/logger.rb:38:in `call_app'
railties (5.2.3) lib/rails/rack/logger.rb:26:in `block in call'
activesupport (5.2.3) lib/active_support/tagged_logging.rb:71:in `block in tagged'
activesupport (5.2.3) lib/active_support/tagged_logging.rb:28:in `tagged'
activesupport (5.2.3) lib/active_support/tagged_logging.rb:71:in `tagged'
railties (5.2.3) lib/rails/rack/logger.rb:26:in `call'
sprockets-rails (3.2.1) lib/sprockets/rails/quiet_assets.rb:13:in `call'
actionpack (5.2.3) lib/action_dispatch/middleware/remote_ip.rb:81:in `call'
actionpack (5.2.3) lib/action_dispatch/middleware/request_id.rb:27:in `call'
rack (2.0.7) lib/rack/method_override.rb:22:in `call'
rack (2.0.7) lib/rack/runtime.rb:22:in `call'
activesupport (5.2.3) lib/active_support/cache/strategy/local_cache_middleware.rb:29:in `call'
actionpack (5.2.3) lib/action_dispatch/middleware/executor.rb:14:in `call'
actionpack (5.2.3) lib/action_dispatch/middleware/static.rb:127:in `call'
rack (2.0.7) lib/rack/sendfile.rb:111:in `call'
railties (5.2.3) lib/rails/engine.rb:524:in `call'
puma (3.12.1) lib/puma/configuration.rb:227:in `call'
puma (3.12.1) lib/puma/server.rb:660:in `handle_request'
puma (3.12.1) lib/puma/server.rb:474:in `process_client'
puma (3.12.1) lib/puma/server.rb:334:in `block in run'
puma (3.12.1) lib/puma/thread_pool.rb:135:in `block in spawn_thread'
Started GET "/" for 127.0.0.1 at 2019-05-08 19:29:58 +0100
  
ActionController::RoutingError (uninitialized constant HomeController):
  
bootsnap (1.4.4) lib/bootsnap/load_path_cache/core_ext/active_support.rb:79:in `block in load_missing_constant'
bootsnap (1.4.4) lib/bootsnap/load_path_cache/core_ext/active_support.rb:8:in `without_bootsnap_cache'
bootsnap (1.4.4) lib/bootsnap/load_path_cache/core_ext/active_support.rb:79:in `rescue in load_missing_constant'
bootsnap (1.4.4) lib/bootsnap/load_path_cache/core_ext/active_support.rb:58:in `load_missing_constant'
activesupport (5.2.3) lib/active_support/inflector/methods.rb:283:in `const_get'
activesupport (5.2.3) lib/active_support/inflector/methods.rb:283:in `block in constantize'
activesupport (5.2.3) lib/active_support/inflector/methods.rb:281:in `each'
activesupport (5.2.3) lib/active_support/inflector/methods.rb:281:in `inject'
activesupport (5.2.3) lib/active_support/inflector/methods.rb:281:in `constantize'
actionpack (5.2.3) lib/action_dispatch/http/request.rb:88:in `controller_class_for'
actionpack (5.2.3) lib/action_dispatch/http/request.rb:81:in `controller_class'
actionpack (5.2.3) lib/action_dispatch/routing/route_set.rb:46:in `controller'
actionpack (5.2.3) lib/action_dispatch/routing/route_set.rb:32:in `serve'
actionpack (5.2.3) lib/action_dispatch/journey/router.rb:52:in `block in serve'
actionpack (5.2.3) lib/action_dispatch/journey/router.rb:35:in `each'
actionpack (5.2.3) lib/action_dispatch/journey/router.rb:35:in `serve'
actionpack (5.2.3) lib/action_dispatch/routing/route_set.rb:840:in `call'
rack (2.0.7) lib/rack/tempfile_reaper.rb:15:in `call'
rack (2.0.7) lib/rack/etag.rb:25:in `call'
rack (2.0.7) lib/rack/conditional_get.rb:25:in `call'
rack (2.0.7) lib/rack/head.rb:12:in `call'
actionpack (5.2.3) lib/action_dispatch/http/content_security_policy.rb:18:in `call'
rack (2.0.7) lib/rack/session/abstract/id.rb:232:in `context'
rack (2.0.7) lib/rack/session/abstract/id.rb:226:in `call'
actionpack (5.2.3) lib/action_dispatch/middleware/cookies.rb:670:in `call'
activerecord (5.2.3) lib/active_record/migration.rb:559:in `call'
actionpack (5.2.3) lib/action_dispatch/middleware/callbacks.rb:28:in `block in call'
activesupport (5.2.3) lib/active_support/callbacks.rb:98:in `run_callbacks'
actionpack (5.2.3) lib/action_dispatch/middleware/callbacks.rb:26:in `call'
actionpack (5.2.3) lib/action_dispatch/middleware/executor.rb:14:in `call'
actionpack (5.2.3) lib/action_dispatch/middleware/debug_exceptions.rb:61:in `call'
web-console (3.7.0) lib/web_console/middleware.rb:135:in `call_app'
web-console (3.7.0) lib/web_console/middleware.rb:30:in `block in call'
web-console (3.7.0) lib/web_console/middleware.rb:20:in `catch'
web-console (3.7.0) lib/web_console/middleware.rb:20:in `call'
actionpack (5.2.3) lib/action_dispatch/middleware/show_exceptions.rb:33:in `call'
railties (5.2.3) lib/rails/rack/logger.rb:38:in `call_app'
railties (5.2.3) lib/rails/rack/logger.rb:26:in `block in call'
activesupport (5.2.3) lib/active_support/tagged_logging.rb:71:in `block in tagged'
activesupport (5.2.3) lib/active_support/tagged_logging.rb:28:in `tagged'
activesupport (5.2.3) lib/active_support/tagged_logging.rb:71:in `tagged'
railties (5.2.3) lib/rails/rack/logger.rb:26:in `call'
sprockets-rails (3.2.1) lib/sprockets/rails/quiet_assets.rb:13:in `call'
actionpack (5.2.3) lib/action_dispatch/middleware/remote_ip.rb:81:in `call'
actionpack (5.2.3) lib/action_dispatch/middleware/request_id.rb:27:in `call'
rack (2.0.7) lib/rack/method_override.rb:22:in `call'
rack (2.0.7) lib/rack/runtime.rb:22:in `call'
activesupport (5.2.3) lib/active_support/cache/strategy/local_cache_middleware.rb:29:in `call'
actionpack (5.2.3) lib/action_dispatch/middleware/executor.rb:14:in `call'
actionpack (5.2.3) lib/action_dispatch/middleware/static.rb:127:in `call'
rack (2.0.7) lib/rack/sendfile.rb:111:in `call'
railties (5.2.3) lib/rails/engine.rb:524:in `call'
puma (3.12.1) lib/puma/configuration.rb:227:in `call'
puma (3.12.1) lib/puma/server.rb:660:in `handle_request'
puma (3.12.1) lib/puma/server.rb:474:in `process_client'
puma (3.12.1) lib/puma/server.rb:334:in `block in run'
puma (3.12.1) lib/puma/thread_pool.rb:135:in `block in spawn_thread'
Started GET "/" for 127.0.0.1 at 2019-05-08 19:30:54 +0100
  
SyntaxError (/home/jessica/curso/aula1_ruby/blog/app/controllers/home_controller.rb:4: syntax error, unexpected end, expecting end-of-input):
  
app/controllers/home_controller.rb:4: syntax error, unexpected end, expecting end-of-input
Started GET "/" for 127.0.0.1 at 2019-05-08 19:34:14 +0100
  
SyntaxError (/home/jessica/curso/aula1_ruby/blog/app/controllers/home_controller.rb:4: syntax error, unexpected end, expecting end-of-input):
  
app/controllers/home_controller.rb:4: syntax error, unexpected end, expecting end-of-input
Started GET "/" for 127.0.0.1 at 2019-05-08 19:36:39 +0100
  
SyntaxError (/home/jessica/curso/aula1_ruby/blog/app/controllers/concerns/home_controller.rb:5: syntax error, unexpected end, expecting end-of-input):
  
app/controllers/concerns/home_controller.rb:5: syntax error, unexpected end, expecting end-of-input
Started GET "/" for 127.0.0.1 at 2019-05-08 19:36:40 +0100
  
SyntaxError (/home/jessica/curso/aula1_ruby/blog/app/controllers/concerns/home_controller.rb:5: syntax error, unexpected end, expecting end-of-input):
  
app/controllers/concerns/home_controller.rb:5: syntax error, unexpected end, expecting end-of-input
Started GET "/" for 127.0.0.1 at 2019-05-08 19:36:40 +0100
  
SyntaxError (/home/jessica/curso/aula1_ruby/blog/app/controllers/concerns/home_controller.rb:5: syntax error, unexpected end, expecting end-of-input):
  
app/controllers/concerns/home_controller.rb:5: syntax error, unexpected end, expecting end-of-input
Started GET "/" for 127.0.0.1 at 2019-05-08 19:37:48 +0100
  
SyntaxError (/home/jessica/curso/aula1_ruby/blog/app/controllers/concerns/home_controller.rb:5: syntax error, unexpected end, expecting end-of-input):
  
app/controllers/concerns/home_controller.rb:5: syntax error, unexpected end, expecting end-of-input
Started GET "/" for 127.0.0.1 at 2019-05-08 19:37:48 +0100
  
SyntaxError (/home/jessica/curso/aula1_ruby/blog/app/controllers/concerns/home_controller.rb:5: syntax error, unexpected end, expecting end-of-input):
  
app/controllers/concerns/home_controller.rb:5: syntax error, unexpected end, expecting end-of-input
Started GET "/" for 127.0.0.1 at 2019-05-08 19:37:48 +0100
  
SyntaxError (/home/jessica/curso/aula1_ruby/blog/app/controllers/concerns/home_controller.rb:5: syntax error, unexpected end, expecting end-of-input):
  
app/controllers/concerns/home_controller.rb:5: syntax error, unexpected end, expecting end-of-input
Started GET "/" for 127.0.0.1 at 2019-05-08 19:37:48 +0100
  
SyntaxError (/home/jessica/curso/aula1_ruby/blog/app/controllers/concerns/home_controller.rb:5: syntax error, unexpected end, expecting end-of-input):
  
app/controllers/concerns/home_controller.rb:5: syntax error, unexpected end, expecting end-of-input
Started GET "/" for 127.0.0.1 at 2019-05-08 19:37:49 +0100
  
SyntaxError (/home/jessica/curso/aula1_ruby/blog/app/controllers/concerns/home_controller.rb:5: syntax error, unexpected end, expecting end-of-input):
  
app/controllers/concerns/home_controller.rb:5: syntax error, unexpected end, expecting end-of-input
Started GET "/" for 127.0.0.1 at 2019-05-08 19:39:17 +0100
  
SyntaxError (/home/jessica/curso/aula1_ruby/blog/app/controllers/concerns/home_controller.rb:5: syntax error, unexpected end, expecting end-of-input):
  
app/controllers/concerns/home_controller.rb:5: syntax error, unexpected end, expecting end-of-input
Started GET "/" for 127.0.0.1 at 2019-05-08 19:39:18 +0100
  
SyntaxError (/home/jessica/curso/aula1_ruby/blog/app/controllers/concerns/home_controller.rb:5: syntax error, unexpected end, expecting end-of-input):
  
app/controllers/concerns/home_controller.rb:5: syntax error, unexpected end, expecting end-of-input
Started GET "/" for 127.0.0.1 at 2019-05-08 19:46:24 +0100
  
SyntaxError (/home/jessica/curso/aula1_ruby/blog/app/controllers/home_controller.rb:5: syntax error, unexpected end, expecting end-of-input):
  
app/controllers/home_controller.rb:5: syntax error, unexpected end, expecting end-of-input
  [1m[35m (0.1ms)[0m  [1m[34mSELECT sqlite_version(*)[0m
  ↳ bin/rails:9
  [1m[35m (5.4ms)[0m  [1m[35mCREATE TABLE "schema_migrations" ("version" varchar NOT NULL PRIMARY KEY)[0m
  ↳ bin/rails:9
  [1m[35m (4.0ms)[0m  [1m[35mCREATE TABLE "ar_internal_metadata" ("key" varchar NOT NULL PRIMARY KEY, "value" varchar, "created_at" datetime NOT NULL, "updated_at" datetime NOT NULL)[0m
  ↳ bin/rails:9
  [1m[35m (0.1ms)[0m  [1m[34mSELECT "schema_migrations"."version" FROM "schema_migrations" ORDER BY "schema_migrations"."version" ASC[0m
  ↳ bin/rails:9
Migrating to CreateUsers (20190508184925)
  [1m[35m (0.0ms)[0m  [1m[36mbegin transaction[0m
  ↳ bin/rails:9
  [1m[35m (0.2ms)[0m  [1m[35mCREATE TABLE "users" ("id" integer PRIMARY KEY AUTOINCREMENT NOT NULL, "name" varchar, "created_at" datetime NOT NULL, "updated_at" datetime NOT NULL)[0m
  ↳ db/migrate/20190508184925_create_users.rb:3
  [1m[36mActiveRecord::SchemaMigration Create (0.1ms)[0m  [1m[32mINSERT INTO "schema_migrations" ("version") VALUES (?)[0m  [["version", "20190508184925"]]
  ↳ bin/rails:9
  [1m[35m (4.5ms)[0m  [1m[36mcommit transaction[0m
  ↳ bin/rails:9
  [1m[36mActiveRecord::InternalMetadata Load (0.1ms)[0m  [1m[34mSELECT  "ar_internal_metadata".* FROM "ar_internal_metadata" WHERE "ar_internal_metadata"."key" = ? LIMIT ?[0m  [["key", "environment"], ["LIMIT", 1]]
  ↳ bin/rails:9
  [1m[35m (0.0ms)[0m  [1m[36mbegin transaction[0m
  ↳ bin/rails:9
  [1m[36mActiveRecord::InternalMetadata Create (0.2ms)[0m  [1m[32mINSERT INTO "ar_internal_metadata" ("key", "value", "created_at", "updated_at") VALUES (?, ?, ?, ?)[0m  [["key", "environment"], ["value", "development"], ["created_at", "2019-05-08 18:50:49.999497"], ["updated_at", "2019-05-08 18:50:49.999497"]]
  ↳ bin/rails:9
  [1m[35m (4.4ms)[0m  [1m[36mcommit transaction[0m
  ↳ bin/rails:9
  [1m[35m (0.1ms)[0m  [1m[34mSELECT "schema_migrations"."version" FROM "schema_migrations" ORDER BY "schema_migrations"."version" ASC[0m
  ↳ bin/rails:9
Started GET "/" for 127.0.0.1 at 2019-05-08 19:57:47 +0100
  [1m[35m (0.2ms)[0m  [1m[34mSELECT "schema_migrations"."version" FROM "schema_migrations" ORDER BY "schema_migrations"."version" ASC[0m
  ↳ /home/jessica/.asdf/installs/ruby/2.6.3/lib/ruby/gems/2.6.0/gems/activerecord-5.2.3/lib/active_record/log_subscriber.rb:98
Processing by HomeController#index as HTML
  Rendering home/index.html.erb within layouts/application
  Rendered home/index.html.erb within layouts/application (0.3ms)
Completed 200 OK in 183ms (Views: 182.0ms | ActiveRecord: 0.0ms)


Started GET "/" for 127.0.0.1 at 2019-05-08 20:01:11 +0100
Processing by HomeController#index as HTML
  Rendering home/index.html.erb within layouts/application
  Rendered home/index.html.erb within layouts/application (0.5ms)
Completed 200 OK in 25ms (Views: 23.3ms | ActiveRecord: 0.0ms)


Started GET "/" for 127.0.0.1 at 2019-05-08 20:01:13 +0100
Processing by HomeController#index as HTML
  Rendering home/index.html.erb within layouts/application
  Rendered home/index.html.erb within layouts/application (0.9ms)
Completed 200 OK in 27ms (Views: 25.2ms | ActiveRecord: 0.0ms)


Started GET "/" for 127.0.0.1 at 2019-05-08 20:04:27 +0100
Processing by HomeController#index as HTML
  Rendering home/index.html.erb within layouts/application
  Rendered home/index.html.erb within layouts/application (0.6ms)
Completed 200 OK in 18ms (Views: 16.7ms | ActiveRecord: 0.0ms)


Started GET "/" for 127.0.0.1 at 2019-05-08 20:08:20 +0100
Processing by HomeController#index as HTML
  Rendering home/index.html.erb within layouts/application
  Rendered home/index.html.erb within layouts/application (0.2ms)
Completed 200 OK in 8ms (Views: 7.0ms | ActiveRecord: 0.0ms)


Started GET "/" for 127.0.0.1 at 2019-05-08 20:08:21 +0100
Processing by HomeController#index as HTML
  Rendering home/index.html.erb within layouts/application
  Rendered home/index.html.erb within layouts/application (0.8ms)
Completed 200 OK in 32ms (Views: 30.4ms | ActiveRecord: 0.0ms)


Started GET "/" for 127.0.0.1 at 2019-05-08 20:08:22 +0100
Processing by HomeController#index as HTML
  Rendering home/index.html.erb within layouts/application
  Rendered home/index.html.erb within layouts/application (0.3ms)
Completed 200 OK in 8ms (Views: 7.7ms | ActiveRecord: 0.0ms)


Started GET "/" for 127.0.0.1 at 2019-05-08 20:08:22 +0100
Processing by HomeController#index as HTML
  Rendering home/index.html.erb within layouts/application
  Rendered home/index.html.erb within layouts/application (0.5ms)
Completed 200 OK in 14ms (Views: 12.7ms | ActiveRecord: 0.0ms)


Started GET "/" for 127.0.0.1 at 2019-05-08 20:11:43 +0100
Processing by HomeController#index as HTML
  Rendering home/index.html.erb within layouts/application
  Rendered home/index.html.erb within layouts/application (0.2ms)
Completed 200 OK in 8ms (Views: 7.2ms | ActiveRecord: 0.0ms)


Started GET "/" for 127.0.0.1 at 2019-05-08 20:11:43 +0100
Processing by HomeController#index as HTML
  Rendering home/index.html.erb within layouts/application
  Rendered home/index.html.erb within layouts/application (0.4ms)
Completed 200 OK in 12ms (Views: 11.4ms | ActiveRecord: 0.0ms)


Started GET "/" for 127.0.0.1 at 2019-05-08 20:11:43 +0100
Processing by HomeController#index as HTML
  Rendering home/index.html.erb within layouts/application
  Rendered home/index.html.erb within layouts/application (0.2ms)
Completed 200 OK in 7ms (Views: 6.4ms | ActiveRecord: 0.0ms)


Started GET "/" for 127.0.0.1 at 2019-05-08 20:11:44 +0100
Processing by HomeController#index as HTML
  Rendering home/index.html.erb within layouts/application
  Rendered home/index.html.erb within layouts/application (1.1ms)
Completed 200 OK in 30ms (Views: 27.7ms | ActiveRecord: 0.0ms)


